2024-09-16 17:55:17 [INFO] Hi there!
2024-09-16 19:13:57 [INFO] Hi there!
2024-09-16 19:50:09 [INFO] Hi there!
2024-09-16 20:03:09 [INFO] Hi there!
2024-09-19 14:29:00 [INFO] Hi there!
2024-09-21 21:57:49 [INFO] Logger is working
2024-09-21 21:59:16 [INFO] Logger is working
2024-09-21 21:59:16 [INFO] Logger is working
2024-09-21 22:01:59 [INFO] Logger is working
2024-09-21 22:02:27 [INFO] Logger is working
2024-09-21 22:03:26 [INFO] Logger is working
2024-09-21 22:06:07 [INFO] Logger is working
2024-09-21 22:07:32 [INFO] Logger is working
2024-09-21 22:23:46 [INFO] File validation passed
2024-09-21 22:31:29 [INFO] File validation passed
2024-09-21 22:32:10 [INFO] Logger is working
2024-09-21 22:34:52 [INFO] Logger is working
2024-09-21 22:36:00 [INFO] Logger is working
2024-09-21 22:36:12 [INFO] Logger is working
2024-09-21 22:38:15 [INFO] Logger is working
2024-09-21 22:40:08 [INFO] Logger is working
2024-09-21 22:43:20 [INFO] Logger is working2024-09-22 16:38:03 [INFO] Logger is working
2024-09-22 16:50:02 [INFO] Logger is working
2024-09-22 17:04:02 [INFO] Logger is working
2024-09-22 17:04:45 [INFO] Logger is working
2024-09-22 17:05:21 [INFO] Logger is working
2024-09-22 17:05:39 [INFO] Logger is working
2024-09-22 17:05:56 [INFO] Logger is working
2024-09-22 17:15:16 [INFO] Logger is working
2024-09-22 17:19:19 [INFO] Logger is working
2024-09-22 17:21:14 [INFO] Logger is working
2024-09-22 17:22:04 [INFO] Logger is working
2024-09-22 17:22:35 [INFO] Logger is working
2024-09-22 17:24:48 [INFO] Logger is working
2024-09-22 17:26:30 [INFO] Logger is working
2024-09-22 17:26:30 [DEBUG] Debug message
2024-09-22 17:27:03 [INFO] Logger is working
2024-09-22 17:27:03 [DEBUG] Debug message
2024-09-22 17:29:21 [INFO] Logger is working
2024-09-22 17:29:21 [DEBUG] Debug message
2024-09-22 17:30:33 [INFO] Logger is working
2024-09-22 17:30:33 [DEBUG] Debug message
2024-09-22 17:39:03 [INFO] Logger is working
2024-09-22 17:39:03 [DEBUG] Debug message
2024-09-22 17:40:14 [INFO] Logger is working
2024-09-22 17:40:14 [DEBUG] Debug message
2024-09-22 17:42:35 [INFO] Logger is working
2024-09-22 17:42:35 [DEBUG] Debug message
2024-09-22 17:44:11 [INFO] Logger is working
2024-09-22 17:44:11 [DEBUG] Debug message
2024-09-22 17:44:38 [INFO] Logger is working
2024-09-22 17:44:38 [DEBUG] Debug message
2024-09-22 17:45:09 [INFO] Logger is working
2024-09-22 17:45:09 [DEBUG] Debug message
2024-09-22 17:45:53 [INFO] Logger is working
2024-09-22 17:45:54 [DEBUG] Debug message
2024-09-22 17:46:38 [INFO] Logger is working
2024-09-22 17:46:39 [DEBUG] Debug message
2024-09-22 17:48:48 [INFO] Logger is working
2024-09-22 17:48:48 [DEBUG] Debug message
2024-09-22 17:51:23 [INFO] Logger is working
2024-09-22 17:51:23 [WARN] This is a warning
2024-09-22 17:51:23 [INFO] Test message
2024-09-22 17:52:45 [INFO] Logger is working
2024-09-22 17:52:45 [WARN] This is a warning
2024-09-22 17:52:45 [INFO] Test message
2024-09-22 17:53:35 [INFO] Logger is working
2024-09-22 17:53:36 [WARN] This is a warning
2024-09-22 17:53:36 [INFO] Test message
2024-09-22 17:54:37 [INFO] Logger is working
2024-09-22 17:54:37 [WARN] This is a warning
2024-09-22 17:54:37 [INFO] Test message
2024-09-22 17:55:26 [INFO] Logger is working
2024-09-22 17:55:26 [WARN] This is a warning
2024-09-22 17:55:26 [INFO] Test message
2024-09-22 17:56:15 [INFO] Logger is working
2024-09-22 17:56:15 [WARN] This is a warning
2024-09-22 17:56:15 [INFO] Test message
2024-09-22 17:56:46 [INFO] Logger is working
2024-09-22 17:56:47 [WARN] This is a warning
2024-09-22 17:56:47 [INFO] Test message
